<?xml version="1.0" encoding="UTF-8"?>
<!-- Generated by org.testng.reporters.JUnitXMLReporter -->
<testsuite hostname="DESKTOP-EUNFVH5" ignored="1" name="Default test" tests="1" failures="0" timestamp="15 Mar 2022 08:11:53 GMT" time="0.069" errors="0">
  <testcase name="createContactTest2" time="0.015" classname="Contacts.CreateContactTest"/>
  <testcase name="createContactTest" time="0.0" classname="Contacts.CreateContactTest">
    <ignored/>
  </testcase> <!-- createContactTest -->
</testsuite> <!-- Default test -->
