<?xml version="1.0" encoding="UTF-8"?>
<testng-results skipped="0" failed="0" ignored="1" total="2" passed="1">
  <reporter-output>
  </reporter-output>
  <suite name="Default suite" duration-ms="69" started-at="2022-03-15T08:11:53Z" finished-at="2022-03-15T08:11:53Z">
    <groups>
    </groups>
    <test name="Default test" duration-ms="69" started-at="2022-03-15T08:11:53Z" finished-at="2022-03-15T08:11:53Z">
      <class name="Contacts.CreateContactTest">
        <test-method status="PASS" signature="createContactTest2()[pri:0, instance:Contacts.CreateContactTest@7dc7cbad]" name="createContactTest2" duration-ms="15" started-at="2022-03-15T08:11:53Z" finished-at="2022-03-15T08:11:53Z">
          <reporter-output>
          </reporter-output>
        </test-method> <!-- createContactTest2 -->
      </class> <!-- Contacts.CreateContactTest -->
    </test> <!-- Default test -->
  </suite> <!-- Default suite -->
</testng-results>
