<?xml version="1.0" encoding="UTF-8"?>
<testng-results skipped="0" failed="0" ignored="0" total="1" passed="1">
  <reporter-output>
  </reporter-output>
  <suite name="Default suite" duration-ms="40" started-at="2022-03-14T10:55:30Z" finished-at="2022-03-14T10:55:30Z">
    <groups>
    </groups>
    <test name="Default test" duration-ms="40" started-at="2022-03-14T10:55:30Z" finished-at="2022-03-14T10:55:30Z">
      <class name="Contacts.ReadDataTest">
        <test-method status="PASS" signature="readDataTest()[pri:0, instance:Contacts.ReadDataTest@735b5592]" name="readDataTest" duration-ms="12" started-at="2022-03-14T10:55:30Z" finished-at="2022-03-14T10:55:30Z">
          <reporter-output>
          </reporter-output>
        </test-method> <!-- readDataTest -->
      </class> <!-- Contacts.ReadDataTest -->
    </test> <!-- Default test -->
  </suite> <!-- Default suite -->
</testng-results>
